
> pan-samochodzik@0.0.1 build
> vite build

vite v7.1.2 building SSR bundle for production...
transforming...
6:06:08 PM [vite-plugin-svelte] src/lib/components/VehicleCard.svelte:53:2 Visible, non-interactive elements with a click event must be accompanied by a keyboard event handler. Consider whether an interactive element such as `<button type="button">` or `<a>` might be more appropriate
https://svelte.dev/e/a11y_click_events_have_key_events
51: 
52:     <!-- Action Buttons -->
53:     <div class="flex space-x-2" onclick={(e) => e.stopPropagation()}>
              ^
54:       <Button variant="blue" size="small" onClick={() => onEdit(vehicle)}>Edytuj</Button>
55:       <Button variant="red" size="small" onClick={() => onDelete(vehicle)}>Usuń</Button>
6:06:08 PM [vite-plugin-svelte] src/lib/components/VehicleCard.svelte:53:2 `<div>` with a click handler must have an ARIA role
https://svelte.dev/e/a11y_no_static_element_interactions
51: 
52:     <!-- Action Buttons -->
53:     <div class="flex space-x-2" onclick={(e) => e.stopPropagation()}>
              ^
54:       <Button variant="blue" size="small" onClick={() => onEdit(vehicle)}>Edytuj</Button>
55:       <Button variant="red" size="small" onClick={() => onDelete(vehicle)}>Usuń</Button>


Source path: /Users/kamil/Personal/Projects/pan-samochodzik/src/routes/+error.svelte.vite-preprocess.css
Setting up new context...


Source path: /Users/kamil/Personal/Projects/pan-samochodzik/src/routes/+page.svelte.vite-preprocess.css


Source path: /Users/kamil/Personal/Projects/pan-samochodzik/src/routes/login/+page.svelte.vite-preprocess.css


Source path: /Users/kamil/Personal/Projects/pan-samochodzik/src/lib/components/common/Input.svelte.vite-preprocess.postcss


Source path: /Users/kamil/Personal/Projects/pan-samochodzik/src/app.css
Setting up new context...
Finding changed files: 4.374ms


Source path: /Users/kamil/Personal/Projects/pan-samochodzik/src/lib/components/common/Select.svelte.vite-preprocess.css


Source path: /Users/kamil/Personal/Projects/pan-samochodzik/src/lib/components/common/Modal.svelte.vite-preprocess.css
JIT TOTAL: 230.55ms












6:06:09 PM [vite-plugin-svelte] src/routes/+page.svelte:881:1 Unused CSS selector ".animate-bounce"
https://svelte.dev/e/css_unused_selector
879:   }
880: 
881:   .animate-bounce {
                      ^
882:     animation: bounce 2s infinite;
883:   }
6:06:09 PM [vite-plugin-svelte] src/routes/+page.svelte:885:1 Unused CSS selector ".animate-pulse"
https://svelte.dev/e/css_unused_selector
883:   }
884: 
885:   .animate-pulse {
                     ^
886:     animation: pulse 2s infinite;
887:   }
6:06:09 PM [vite-plugin-svelte] src/routes/+page.svelte:909:1 Unused CSS selector ".animate-spin-slow"
https://svelte.dev/e/css_unused_selector
907:   }
908: 
909:   .animate-spin-slow {
                         ^
910:     animation: spin-slow 8s linear infinite;
911:   }
6:06:09 PM [vite-plugin-svelte] src/routes/login/+page.svelte:91:7 A form label must be associated with a control
https://svelte.dev/e/a11y_label_has_associated_control
89:           {#if isRegistering}
90:             <div>
91:               <label class="block text-sm font-medium text-gray-300"> Rola </label>
                                                                                       ^
92:               <select
93:                 name="role"
6:06:09 PM [vite-plugin-svelte] src/lib/components/common/Modal.svelte:97:1 Visible, non-interactive elements with a click event must be accompanied by a keyboard event handler. Consider whether an interactive element such as `<button type="button">` or `<a>` might be more appropriate
https://svelte.dev/e/a11y_click_events_have_key_events
 95: {#if open}
 96:   <!-- custom backdrop -->
 97:   <div
           ^
 98:     class="duration-250 fixed inset-0 z-30 bg-black/70 transition-opacity"
 99:     onclick={() => {
6:06:09 PM [vite-plugin-svelte] src/lib/components/common/Modal.svelte:97:1 `<div>` with a click handler must have an ARIA role
https://svelte.dev/e/a11y_no_static_element_interactions
 95: {#if open}
 96:   <!-- custom backdrop -->
 97:   <div
           ^
 98:     class="duration-250 fixed inset-0 z-30 bg-black/70 transition-opacity"
 99:     onclick={() => {
(node:94031) Warning: Label 'JIT TOTAL' already exists for console.time()
(Use `node --trace-warnings ...` to show where the warning was created)
(node:94031) Warning: Label 'JIT TOTAL' already exists for console.time()
(node:94031) Warning: Label 'JIT TOTAL' already exists for console.time()
(node:94031) Warning: Label 'JIT TOTAL' already exists for console.time()
(node:94031) Warning: Label 'JIT TOTAL' already exists for console.time()
(node:94031) Warning: Label 'JIT TOTAL' already exists for console.time()
(node:94031) Warning: No such label 'JIT TOTAL' for console.timeEnd()
(node:94031) Warning: No such label 'JIT TOTAL' for console.timeEnd()
(node:94031) Warning: No such label 'JIT TOTAL' for console.timeEnd()
(node:94031) Warning: No such label 'JIT TOTAL' for console.timeEnd()
(node:94031) Warning: No such label 'JIT TOTAL' for console.timeEnd()


Source path: /Users/kamil/Personal/Projects/pan-samochodzik/src/routes/+error.svelte?svelte&type=style&lang.css
JIT TOTAL: 0.471ms




Source path: /Users/kamil/Personal/Projects/pan-samochodzik/src/routes/login/+page.svelte?svelte&type=style&lang.css
JIT TOTAL: 0.252ms




Source path: /Users/kamil/Personal/Projects/pan-samochodzik/src/lib/components/common/Input.svelte?svelte&type=style&lang.css
JIT TOTAL: 0.233ms




Source path: /Users/kamil/Personal/Projects/pan-samochodzik/src/routes/+page.svelte?svelte&type=style&lang.css
JIT TOTAL: 0.462ms




Source path: /Users/kamil/Personal/Projects/pan-samochodzik/src/lib/components/common/Select.svelte?svelte&type=style&lang.css
JIT TOTAL: 0.153ms




Source path: /Users/kamil/Personal/Projects/pan-samochodzik/src/lib/components/common/Modal.svelte?svelte&type=style&lang.css
JIT TOTAL: 0.266ms


Reading changed files: 265.305ms
Sorting candidates: 4.412ms
Generate rules: 77.781ms
Build stylesheet: 2.105ms
Potential classes:  8762
Active contexts:  2


(node:94031) Warning: No such label 'JIT TOTAL' for console.timeEnd()


Source path: /Users/kamil/Personal/Projects/pan-samochodzik/node_modules/.pnpm/svelte-select@5.8.3/node_modules/svelte-select/Select.svelte.vite-preprocess.css
JIT TOTAL: 0.853ms




Source path: /Users/kamil/Personal/Projects/pan-samochodzik/node_modules/.pnpm/svelte-select@5.8.3/node_modules/svelte-select/Select.svelte?svelte&type=style&lang.css
JIT TOTAL: 0.742ms




Source path: /Users/kamil/Personal/Projects/pan-samochodzik/node_modules/.pnpm/svelte-select@5.8.3/node_modules/svelte-select/ChevronIcon.svelte.vite-preprocess.css
JIT TOTAL: 0.246ms




Source path: /Users/kamil/Personal/Projects/pan-samochodzik/node_modules/.pnpm/svelte-select@5.8.3/node_modules/svelte-select/LoadingIcon.svelte.vite-preprocess.css
JIT TOTAL: 0.201ms




Source path: /Users/kamil/Personal/Projects/pan-samochodzik/node_modules/.pnpm/svelte-select@5.8.3/node_modules/svelte-select/ClearIcon.svelte.vite-preprocess.css
JIT TOTAL: 0.203ms




Source path: /Users/kamil/Personal/Projects/pan-samochodzik/node_modules/.pnpm/svelte-select@5.8.3/node_modules/svelte-select/ChevronIcon.svelte?svelte&type=style&lang.css
JIT TOTAL: 0.363ms




Source path: /Users/kamil/Personal/Projects/pan-samochodzik/node_modules/.pnpm/svelte-select@5.8.3/node_modules/svelte-select/LoadingIcon.svelte?svelte&type=style&lang.css
JIT TOTAL: 0.184ms




Source path: /Users/kamil/Personal/Projects/pan-samochodzik/node_modules/.pnpm/svelte-select@5.8.3/node_modules/svelte-select/ClearIcon.svelte?svelte&type=style&lang.css
JIT TOTAL: 0.132ms


✓ 307 modules transformed.
rendering chunks...
vite v7.1.2 building for production...
transforming...
6:06:10 PM [vite-plugin-svelte] src/lib/components/VehicleCard.svelte:53:2 Visible, non-interactive elements with a click event must be accompanied by a keyboard event handler. Consider whether an interactive element such as `<button type="button">` or `<a>` might be more appropriate
https://svelte.dev/e/a11y_click_events_have_key_events
51: 
52:     <!-- Action Buttons -->
53:     <div class="flex space-x-2" onclick={(e) => e.stopPropagation()}>
              ^
54:       <Button variant="blue" size="small" onClick={() => onEdit(vehicle)}>Edytuj</Button>
55:       <Button variant="red" size="small" onClick={() => onDelete(vehicle)}>Usuń</Button>
6:06:10 PM [vite-plugin-svelte] src/lib/components/VehicleCard.svelte:53:2 `<div>` with a click handler must have an ARIA role
https://svelte.dev/e/a11y_no_static_element_interactions
51: 
52:     <!-- Action Buttons -->
53:     <div class="flex space-x-2" onclick={(e) => e.stopPropagation()}>
              ^
54:       <Button variant="blue" size="small" onClick={() => onEdit(vehicle)}>Edytuj</Button>
55:       <Button variant="red" size="small" onClick={() => onDelete(vehicle)}>Usuń</Button>


Source path: /Users/kamil/Personal/Projects/pan-samochodzik/src/routes/+page.svelte.vite-preprocess.css


Source path: /Users/kamil/Personal/Projects/pan-samochodzik/src/routes/login/+page.svelte.vite-preprocess.css


Source path: /Users/kamil/Personal/Projects/pan-samochodzik/src/routes/+error.svelte.vite-preprocess.css


Source path: /Users/kamil/Personal/Projects/pan-samochodzik/src/lib/components/common/Input.svelte.vite-preprocess.postcss


Source path: /Users/kamil/Personal/Projects/pan-samochodzik/src/app.css
Finding changed files: 2.387ms
Reading changed files: 0.003ms
Sorting candidates: 0.006ms
Generate rules: 0.044ms
Build stylesheet: 0.002ms
Potential classes:  1
Active contexts:  2


Source path: /Users/kamil/Personal/Projects/pan-samochodzik/src/lib/components/common/Modal.svelte.vite-preprocess.css


Source path: /Users/kamil/Personal/Projects/pan-samochodzik/src/lib/components/common/Select.svelte.vite-preprocess.css
JIT TOTAL: 10.27ms














6:06:11 PM [vite-plugin-svelte] src/routes/+page.svelte:881:1 Unused CSS selector ".animate-bounce"
https://svelte.dev/e/css_unused_selector
879:   }
880: 
881:   .animate-bounce {
                      ^
882:     animation: bounce 2s infinite;
883:   }
6:06:11 PM [vite-plugin-svelte] src/routes/+page.svelte:885:1 Unused CSS selector ".animate-pulse"
https://svelte.dev/e/css_unused_selector
883:   }
884: 
885:   .animate-pulse {
                     ^
886:     animation: pulse 2s infinite;
887:   }
6:06:11 PM [vite-plugin-svelte] src/routes/+page.svelte:909:1 Unused CSS selector ".animate-spin-slow"
https://svelte.dev/e/css_unused_selector
907:   }
908: 
909:   .animate-spin-slow {
                         ^
910:     animation: spin-slow 8s linear infinite;
911:   }
6:06:11 PM [vite-plugin-svelte] src/routes/login/+page.svelte:91:7 A form label must be associated with a control
https://svelte.dev/e/a11y_label_has_associated_control
89:           {#if isRegistering}
90:             <div>
91:               <label class="block text-sm font-medium text-gray-300"> Rola </label>
                                                                                       ^
92:               <select
93:                 name="role"
6:06:11 PM [vite-plugin-svelte] src/lib/components/common/Modal.svelte:97:1 Visible, non-interactive elements with a click event must be accompanied by a keyboard event handler. Consider whether an interactive element such as `<button type="button">` or `<a>` might be more appropriate
https://svelte.dev/e/a11y_click_events_have_key_events
 95: {#if open}
 96:   <!-- custom backdrop -->
 97:   <div
           ^
 98:     class="duration-250 fixed inset-0 z-30 bg-black/70 transition-opacity"
 99:     onclick={() => {
6:06:11 PM [vite-plugin-svelte] src/lib/components/common/Modal.svelte:97:1 `<div>` with a click handler must have an ARIA role
https://svelte.dev/e/a11y_no_static_element_interactions
 95: {#if open}
 96:   <!-- custom backdrop -->
 97:   <div
           ^
 98:     class="duration-250 fixed inset-0 z-30 bg-black/70 transition-opacity"
 99:     onclick={() => {
(node:94031) Warning: Label 'JIT TOTAL' already exists for console.time()
(node:94031) Warning: Label 'JIT TOTAL' already exists for console.time()
(node:94031) Warning: Label 'JIT TOTAL' already exists for console.time()
(node:94031) Warning: Label 'JIT TOTAL' already exists for console.time()
(node:94031) Warning: Label 'JIT TOTAL' already exists for console.time()
(node:94031) Warning: Label 'JIT TOTAL' already exists for console.time()
(node:94031) Warning: No such label 'JIT TOTAL' for console.timeEnd()
(node:94031) Warning: No such label 'JIT TOTAL' for console.timeEnd()
(node:94031) Warning: No such label 'JIT TOTAL' for console.timeEnd()
(node:94031) Warning: No such label 'JIT TOTAL' for console.timeEnd()
(node:94031) Warning: No such label 'JIT TOTAL' for console.timeEnd()
(node:94031) Warning: No such label 'JIT TOTAL' for console.timeEnd()


Source path: /Users/kamil/Personal/Projects/pan-samochodzik/src/routes/login/+page.svelte?svelte&type=style&lang.css
JIT TOTAL: 0.318ms




Source path: /Users/kamil/Personal/Projects/pan-samochodzik/src/lib/components/common/Modal.svelte?svelte&type=style&lang.css
JIT TOTAL: 0.246ms




Source path: /Users/kamil/Personal/Projects/pan-samochodzik/src/lib/components/common/Input.svelte?svelte&type=style&lang.css
JIT TOTAL: 0.176ms




Source path: /Users/kamil/Personal/Projects/pan-samochodzik/src/routes/+error.svelte?svelte&type=style&lang.css
JIT TOTAL: 0.261ms




Source path: /Users/kamil/Personal/Projects/pan-samochodzik/src/routes/+page.svelte?svelte&type=style&lang.css
JIT TOTAL: 0.259ms




Source path: /Users/kamil/Personal/Projects/pan-samochodzik/src/lib/components/common/Select.svelte?svelte&type=style&lang.css
JIT TOTAL: 0.105ms




Source path: /Users/kamil/Personal/Projects/pan-samochodzik/node_modules/.pnpm/svelte-select@5.8.3/node_modules/svelte-select/Select.svelte.vite-preprocess.css
JIT TOTAL: 0.655ms




Source path: /Users/kamil/Personal/Projects/pan-samochodzik/node_modules/.pnpm/svelte-select@5.8.3/node_modules/svelte-select/Select.svelte?svelte&type=style&lang.css
JIT TOTAL: 0.572ms




Source path: /Users/kamil/Personal/Projects/pan-samochodzik/node_modules/.pnpm/svelte-select@5.8.3/node_modules/svelte-select/ClearIcon.svelte.vite-preprocess.css
JIT TOTAL: 0.136ms




Source path: /Users/kamil/Personal/Projects/pan-samochodzik/node_modules/.pnpm/svelte-select@5.8.3/node_modules/svelte-select/LoadingIcon.svelte.vite-preprocess.css
JIT TOTAL: 0.129ms




Source path: /Users/kamil/Personal/Projects/pan-samochodzik/node_modules/.pnpm/svelte-select@5.8.3/node_modules/svelte-select/ChevronIcon.svelte.vite-preprocess.css
JIT TOTAL: 0.093ms




Source path: /Users/kamil/Personal/Projects/pan-samochodzik/node_modules/.pnpm/svelte-select@5.8.3/node_modules/svelte-select/ClearIcon.svelte?svelte&type=style&lang.css
JIT TOTAL: 0.163ms




Source path: /Users/kamil/Personal/Projects/pan-samochodzik/node_modules/.pnpm/svelte-select@5.8.3/node_modules/svelte-select/LoadingIcon.svelte?svelte&type=style&lang.css
JIT TOTAL: 0.132ms




Source path: /Users/kamil/Personal/Projects/pan-samochodzik/node_modules/.pnpm/svelte-select@5.8.3/node_modules/svelte-select/ChevronIcon.svelte?svelte&type=style&lang.css
JIT TOTAL: 0.109ms


✓ 293 modules transformed.
rendering chunks...
computing gzip size...
.svelte-kit/output/client/_app/version.json                          0.03 kB │ gzip:  0.05 kB
.svelte-kit/output/client/.vite/manifest.json                       13.46 kB │ gzip:  1.71 kB
.svelte-kit/output/client/_app/immutable/assets/Input.D4A-z7eT.css   0.26 kB │ gzip:  0.19 kB
.svelte-kit/output/client/_app/immutable/assets/7.BSJTDpsO.css       0.38 kB │ gzip:  0.19 kB
.svelte-kit/output/client/_app/immutable/assets/Modal.Bb63z1iA.css   0.99 kB │ gzip:  0.33 kB
.svelte-kit/output/client/_app/immutable/assets/3.4kI-OFHu.css       1.53 kB │ gzip:  0.40 kB
.svelte-kit/output/client/_app/immutable/assets/1.CJgBQVXq.css       2.12 kB │ gzip:  0.43 kB
.svelte-kit/output/client/_app/immutable/assets/6.BAO_6Zbk.css      11.14 kB │ gzip:  2.62 kB
.svelte-kit/output/client/_app/immutable/assets/0.DTLG9qCG.css      61.27 kB │ gzip: 10.25 kB
.svelte-kit/output/client/_app/immutable/chunks/CR-cYu05.js          0.04 kB │ gzip:  0.06 kB
.svelte-kit/output/client/_app/immutable/entry/start.CmHa2cbo.js     0.08 kB │ gzip:  0.09 kB
.svelte-kit/output/client/_app/immutable/chunks/CkQIQmcn.js          0.12 kB │ gzip:  0.13 kB
.svelte-kit/output/client/_app/immutable/chunks/BHfkSCu7.js          0.20 kB │ gzip:  0.18 kB
.svelte-kit/output/client/_app/immutable/chunks/BpuI0HaF.js          0.25 kB │ gzip:  0.20 kB
.svelte-kit/output/client/_app/immutable/nodes/8.B7_Il1Uw.js         0.35 kB │ gzip:  0.26 kB
.svelte-kit/output/client/_app/immutable/chunks/DumwduHu.js          0.51 kB │ gzip:  0.33 kB
.svelte-kit/output/client/_app/immutable/chunks/BPkid-2-.js          1.31 kB │ gzip:  0.73 kB
.svelte-kit/output/client/_app/immutable/chunks/i-9WOvUB.js          1.37 kB │ gzip:  0.72 kB
.svelte-kit/output/client/_app/immutable/nodes/2.Dc4yfboV.js         1.65 kB │ gzip:  0.89 kB
.svelte-kit/output/client/_app/immutable/chunks/BT3JGN1v.js          1.79 kB │ gzip:  1.05 kB
.svelte-kit/output/client/_app/immutable/chunks/BfP-qwp0.js          1.85 kB │ gzip:  0.89 kB
.svelte-kit/output/client/_app/immutable/chunks/CwINg83i.js          2.39 kB │ gzip:  1.31 kB
.svelte-kit/output/client/_app/immutable/nodes/11.CQVOaeyB.js        2.58 kB │ gzip:  1.28 kB
.svelte-kit/output/client/_app/immutable/chunks/Cl2rvuqO.js          2.71 kB │ gzip:  1.38 kB
.svelte-kit/output/client/_app/immutable/nodes/10.D3V8lNvU.js        2.73 kB │ gzip:  1.19 kB
.svelte-kit/output/client/_app/immutable/chunks/CPN5-DpC.js          2.74 kB │ gzip:  1.43 kB
.svelte-kit/output/client/_app/immutable/chunks/DcALeQyV.js          2.79 kB │ gzip:  1.46 kB
.svelte-kit/output/client/_app/immutable/nodes/0.CIvUdDR3.js         2.80 kB │ gzip:  1.23 kB
.svelte-kit/output/client/_app/immutable/chunks/Ci8ZesJQ.js          2.97 kB │ gzip:  1.46 kB
.svelte-kit/output/client/_app/immutable/chunks/BMDHzNlI.js          3.15 kB │ gzip:  1.62 kB
.svelte-kit/output/client/_app/immutable/chunks/Cw2c8cCR.js          3.35 kB │ gzip:  1.60 kB
.svelte-kit/output/client/_app/immutable/nodes/4.lBhI9e00.js         3.65 kB │ gzip:  1.24 kB
.svelte-kit/output/client/_app/immutable/chunks/ClmXo-Lz.js          3.75 kB │ gzip:  1.89 kB
.svelte-kit/output/client/_app/immutable/chunks/CYuc4An1.js          4.86 kB │ gzip:  2.04 kB
.svelte-kit/output/client/_app/immutable/chunks/FCWQrcpi.js          5.27 kB │ gzip:  1.51 kB
.svelte-kit/output/client/_app/immutable/chunks/C1e0xIab.js          5.41 kB │ gzip:  2.32 kB
.svelte-kit/output/client/_app/immutable/chunks/TB3Itd4C.js          5.61 kB │ gzip:  2.80 kB
.svelte-kit/output/client/_app/immutable/nodes/7.BrsjaZs8.js         5.84 kB │ gzip:  2.40 kB
.svelte-kit/output/client/_app/immutable/chunks/DC_PFzv0.js          6.40 kB │ gzip:  2.95 kB
.svelte-kit/output/client/_app/immutable/entry/app.BvawlXNX.js       6.85 kB │ gzip:  2.77 kB
.svelte-kit/output/client/_app/immutable/chunks/DnoXSQsh.js          7.19 kB │ gzip:  2.66 kB
.svelte-kit/output/client/_app/immutable/nodes/9.kQ1iLxQO.js         8.73 kB │ gzip:  3.16 kB
.svelte-kit/output/client/_app/immutable/nodes/5.Dz7Z_4lx.js        14.75 kB │ gzip:  4.66 kB
.svelte-kit/output/client/_app/immutable/nodes/1.oU0qqX8I.js        19.55 kB │ gzip:  5.83 kB
.svelte-kit/output/client/_app/immutable/chunks/DNHzeBNq.js         25.68 kB │ gzip: 10.06 kB
.svelte-kit/output/client/_app/immutable/chunks/eHLTEzDe.js         28.13 kB │ gzip:  9.93 kB
.svelte-kit/output/client/_app/immutable/chunks/BAoFnacL.js         36.05 kB │ gzip: 13.99 kB
.svelte-kit/output/client/_app/immutable/nodes/3.DF7A16jn.js        62.24 kB │ gzip:  9.85 kB
.svelte-kit/output/client/_app/immutable/nodes/6.CKtnyeU0.js        86.79 kB │ gzip: 26.17 kB
✓ built in 1.09s

node:internal/event_target:1101
  process.nextTick(() => { throw err; });
                           ^
Error: DATABASE_URL is not set
    at file:///Users/kamil/Personal/Projects/pan-samochodzik/.svelte-kit/output/server/chunks/index2.js:69:38
    at ModuleJob.run (node:internal/modules/esm/module_job:371:25)
    at async onImport.tracePromise.__proto__ (node:internal/modules/esm/loader:669:26)
    at async prerender (file:///Users/kamil/Personal/Projects/pan-samochodzik/node_modules/.pnpm/@sveltejs+kit@2.30.1_@sveltejs+vite-plugin-svelte@6.1.2_svelte@5.38.1_vite@7.1.2_@types_2b9a9c29e71e5513b67a5bd52656f9eb/node_modules/@sveltejs/kit/src/core/postbuild/prerender.js:481:18)
    at async MessagePort.<anonymous> (file:///Users/kamil/Personal/Projects/pan-samochodzik/node_modules/.pnpm/@sveltejs+kit@2.30.1_@sveltejs+vite-plugin-svelte@6.1.2_svelte@5.38.1_vite@7.1.2_@types_2b9a9c29e71e5513b67a5bd52656f9eb/node_modules/@sveltejs/kit/src/utils/fork.js:23:16)

Node.js v24.6.0
